Started GET "/" for 127.0.0.1 at 2026-01-19 16:46:26 -0500
Processing by Rails::WelcomeController#index as HTML
  Rendering C:/Ruby32/lib/ruby/gems/3.2.0/gems/railties-7.0.10/lib/rails/templates/rails/welcome/index.html.erb
  Rendered C:/Ruby32/lib/ruby/gems/3.2.0/gems/railties-7.0.10/lib/rails/templates/rails/welcome/index.html.erb (Duration: 4.5ms | Allocations: 737)
Completed 200 OK in 88ms (Views: 16.9ms | ActiveRecord: 0.0ms | Allocations: 8978)


Started GET "/" for 127.0.0.1 at 2026-01-19 16:49:12 -0500
Processing by Rails::WelcomeController#index as HTML
  Rendering C:/Ruby32/lib/ruby/gems/3.2.0/gems/railties-7.0.10/lib/rails/templates/rails/welcome/index.html.erb
  Rendered C:/Ruby32/lib/ruby/gems/3.2.0/gems/railties-7.0.10/lib/rails/templates/rails/welcome/index.html.erb (Duration: 1.8ms | Allocations: 569)
Completed 200 OK in 27ms (Views: 6.4ms | ActiveRecord: 0.0ms | Allocations: 5038)


Started GET "/" for 127.0.0.1 at 2026-01-19 16:51:08 -0500
Processing by Rails::WelcomeController#index as HTML
  Rendering C:/Ruby32/lib/ruby/gems/3.2.0/gems/railties-7.0.10/lib/rails/templates/rails/welcome/index.html.erb
  Rendered C:/Ruby32/lib/ruby/gems/3.2.0/gems/railties-7.0.10/lib/rails/templates/rails/welcome/index.html.erb (Duration: 2.1ms | Allocations: 569)
Completed 200 OK in 30ms (Views: 6.8ms | ActiveRecord: 0.0ms | Allocations: 5053)


Started GET "/" for 127.0.0.1 at 2026-01-19 16:51:09 -0500
Processing by Rails::WelcomeController#index as HTML
  Rendering C:/Ruby32/lib/ruby/gems/3.2.0/gems/railties-7.0.10/lib/rails/templates/rails/welcome/index.html.erb
  Rendered C:/Ruby32/lib/ruby/gems/3.2.0/gems/railties-7.0.10/lib/rails/templates/rails/welcome/index.html.erb (Duration: 0.7ms | Allocations: 302)
Completed 200 OK in 5ms (Views: 1.5ms | ActiveRecord: 0.0ms | Allocations: 1001)


Started GET "/" for 127.0.0.1 at 2026-01-19 16:51:10 -0500
Processing by Rails::WelcomeController#index as HTML
  Rendering C:/Ruby32/lib/ruby/gems/3.2.0/gems/railties-7.0.10/lib/rails/templates/rails/welcome/index.html.erb
  Rendered C:/Ruby32/lib/ruby/gems/3.2.0/gems/railties-7.0.10/lib/rails/templates/rails/welcome/index.html.erb (Duration: 0.0ms | Allocations: 18)
Completed 200 OK in 3ms (Views: 0.4ms | ActiveRecord: 0.0ms | Allocations: 263)


Started GET "/" for 127.0.0.1 at 2026-01-19 16:51:45 -0500
  
ArgumentError (Missing :controller key on routes definition, please check your routes.):
  
config/routes.rb:2:in `block in <main>'
config/routes.rb:1:in `<main>'
Started GET "/" for 127.0.0.1 at 2026-01-19 16:51:53 -0500
Processing by Rails::WelcomeController#index as HTML
  Rendering C:/Ruby32/lib/ruby/gems/3.2.0/gems/railties-7.0.10/lib/rails/templates/rails/welcome/index.html.erb
  Rendered C:/Ruby32/lib/ruby/gems/3.2.0/gems/railties-7.0.10/lib/rails/templates/rails/welcome/index.html.erb (Duration: 0.1ms | Allocations: 17)
Completed 200 OK in 5ms (Views: 2.7ms | ActiveRecord: 0.0ms | Allocations: 259)


Started GET "/" for 127.0.0.1 at 2026-01-19 16:52:52 -0500
Processing by HomeController#index as HTML
  Rendering layout layouts/application.html.erb
  Rendering home/index.html.erb within layouts/application
  Rendered home/index.html.erb within layouts/application (Duration: 0.4ms | Allocations: 112)
  Rendered layout layouts/application.html.erb (Duration: 260.2ms | Allocations: 64111)
Completed 500 Internal Server Error in 270ms (ActiveRecord: 0.0ms | Allocations: 65099)


  
ActionView::Template::Error (Permission denied @ rb_file_s_rename - (C:/Users/ander/OneDrive/Documentos/HipapaAPP/HipapaAPP/tmp/cache/assets/sprockets/v4.0.0/gg/gge-31y4CDsfJ5vCkKUD4VMWU8jC4KhgCFr3lG00H9M.cache.18230.6788.206415, C:/Users/ander/OneDrive/Documentos/HipapaAPP/HipapaAPP/tmp/cache/assets/sprockets/v4.0.0/gg/gge-31y4CDsfJ5vCkKUD4VMWU8jC4KhgCFr3lG00H9M.cache)):
  
sprockets (4.2.2) lib/sprockets/path_utils.rb:362:in `rename'
sprockets (4.2.2) lib/sprockets/path_utils.rb:362:in `atomic_write'
sprockets (4.2.2) lib/sprockets/cache/file_store.rb:112:in `set'
sprockets (4.2.2) lib/sprockets/cache.rb:227:in `set'
sprockets (4.2.2) lib/sprockets/cache.rb:143:in `set'
sprockets (4.2.2) lib/sprockets/loader.rb:343:in `fetch_asset_from_dependency_cache'
sprockets (4.2.2) lib/sprockets/loader.rb:43:in `load'
sprockets (4.2.2) lib/sprockets/cached_environment.rb:44:in `block in load'
concurrent-ruby (1.3.6) lib/concurrent-ruby/concurrent/map.rb:207:in `block in fetch_or_store'
concurrent-ruby (1.3.6) lib/concurrent-ruby/concurrent/map.rb:187:in `fetch'
concurrent-ruby (1.3.6) lib/concurrent-ruby/concurrent/map.rb:206:in `fetch_or_store'
sprockets (4.2.2) lib/sprockets/cached_environment.rb:44:in `load'
sprockets (4.2.2) lib/sprockets/bundle.rb:32:in `block in call'
C:/Ruby32/lib/ruby/3.2.0/set.rb:511:in `each_key'
C:/Ruby32/lib/ruby/3.2.0/set.rb:511:in `each'
sprockets (4.2.2) lib/sprockets/bundle.rb:31:in `call'
sprockets (4.2.2) lib/sprockets/processor_utils.rb:84:in `call_processor'
sprockets (4.2.2) lib/sprockets/processor_utils.rb:66:in `block in call_processors'
sprockets (4.2.2) lib/sprockets/processor_utils.rb:65:in `reverse_each'
sprockets (4.2.2) lib/sprockets/processor_utils.rb:65:in `call_processors'
sprockets (4.2.2) lib/sprockets/loader.rb:184:in `load_from_unloaded'
sprockets (4.2.2) lib/sprockets/loader.rb:59:in `block in load'
sprockets (4.2.2) lib/sprockets/loader.rb:339:in `fetch_asset_from_dependency_cache'
sprockets (4.2.2) lib/sprockets/loader.rb:43:in `load'
sprockets (4.2.2) lib/sprockets/cached_environment.rb:44:in `block in load'
concurrent-ruby (1.3.6) lib/concurrent-ruby/concurrent/map.rb:207:in `block in fetch_or_store'
concurrent-ruby (1.3.6) lib/concurrent-ruby/concurrent/map.rb:187:in `fetch'
concurrent-ruby (1.3.6) lib/concurrent-ruby/concurrent/map.rb:206:in `fetch_or_store'
sprockets (4.2.2) lib/sprockets/cached_environment.rb:44:in `load'
sprockets (4.2.2) lib/sprockets/base.rb:81:in `find_asset'
sprockets (4.2.2) lib/sprockets/base.rb:88:in `find_all_linked_assets'
sprockets (4.2.2) lib/sprockets/manifest.rb:125:in `each'
sprockets (4.2.2) lib/sprockets/manifest.rb:125:in `to_a'
sprockets (4.2.2) lib/sprockets/manifest.rb:125:in `block (2 levels) in find'
concurrent-ruby (1.3.6) lib/concurrent-ruby/concurrent/executor/safe_task_executor.rb:24:in `block in execute'
concurrent-ruby (1.3.6) lib/concurrent-ruby/concurrent/synchronization/mutex_lockable_object.rb:48:in `block in synchronize'
concurrent-ruby (1.3.6) lib/concurrent-ruby/concurrent/synchronization/mutex_lockable_object.rb:48:in `synchronize'
concurrent-ruby (1.3.6) lib/concurrent-ruby/concurrent/synchronization/mutex_lockable_object.rb:48:in `synchronize'
concurrent-ruby (1.3.6) lib/concurrent-ruby/concurrent/executor/safe_task_executor.rb:22:in `execute'
concurrent-ruby (1.3.6) lib/concurrent-ruby/concurrent/promise.rb:564:in `block in realize'
concurrent-ruby (1.3.6) lib/concurrent-ruby/concurrent/executor/ruby_thread_pool_executor.rb:382:in `run_task'
concurrent-ruby (1.3.6) lib/concurrent-ruby/concurrent/executor/ruby_thread_pool_executor.rb:372:in `block (3 levels) in create_worker'
concurrent-ruby (1.3.6) lib/concurrent-ruby/concurrent/executor/ruby_thread_pool_executor.rb:361:in `loop'
concurrent-ruby (1.3.6) lib/concurrent-ruby/concurrent/executor/ruby_thread_pool_executor.rb:361:in `block (2 levels) in create_worker'
concurrent-ruby (1.3.6) lib/concurrent-ruby/concurrent/executor/ruby_thread_pool_executor.rb:358:in `catch'
concurrent-ruby (1.3.6) lib/concurrent-ruby/concurrent/executor/ruby_thread_pool_executor.rb:358:in `block in create_worker'
Started GET "/" for 127.0.0.1 at 2026-01-19 16:53:11 -0500
Processing by HomeController#index as HTML
  Rendering layout layouts/application.html.erb
  Rendering home/index.html.erb within layouts/application
  Rendered home/index.html.erb within layouts/application (Duration: 0.0ms | Allocations: 13)
  Rendered layout layouts/application.html.erb (Duration: 50.4ms | Allocations: 36068)
Completed 200 OK in 54ms (Views: 51.3ms | ActiveRecord: 0.0ms | Allocations: 36688)


Started GET "/" for 127.0.0.1 at 2026-01-19 17:08:00 -0500
Processing by HomeController#index as HTML
  Rendering layout layouts/application.html.erb
  Rendering home/index.html.erb within layouts/application
  Rendered home/index.html.erb within layouts/application (Duration: 6.1ms | Allocations: 629)
  Rendered layout layouts/application.html.erb (Duration: 144.8ms | Allocations: 4833)
Completed 500 Internal Server Error in 406ms (ActiveRecord: 0.0ms | Allocations: 12057)


  
LoadError (cannot load such file -- sassc):
  
app/views/layouts/application.html.erb:9:in '_app_views_layouts_application_html_erb___1019742799_9440'
Started GET "/" for 127.0.0.1 at 2026-01-19 17:10:25 -0500
Processing by HomeController#index as HTML
  Rendering layout layouts/application.html.erb
  Rendering home/index.html.erb within layouts/application
  Rendered home/index.html.erb within layouts/application (Duration: 2.3ms | Allocations: 487)
  Rendered layout layouts/application.html.erb (Duration: 111.2ms | Allocations: 4635)
Completed 500 Internal Server Error in 149ms (ActiveRecord: 0.0ms | Allocations: 8904)


  
LoadError (cannot load such file -- sassc):
  
app/views/layouts/application.html.erb:9:in '_app_views_layouts_application_html_erb__662276882_9440'
Started GET "/" for 127.0.0.1 at 2026-01-19 17:10:42 -0500
Processing by HomeController#index as HTML
  Rendering layout layouts/application.html.erb
  Rendering home/index.html.erb within layouts/application
  Rendered home/index.html.erb within layouts/application (Duration: 1.9ms | Allocations: 487)
  Rendered layout layouts/application.html.erb (Duration: 12.4ms | Allocations: 3614)
Completed 500 Internal Server Error in 45ms (ActiveRecord: 0.0ms | Allocations: 7883)


  
LoadError (cannot load such file -- sassc):
  
app/views/layouts/application.html.erb:9:in '_app_views_layouts_application_html_erb___592455485_9440'
Started GET "/" for 127.0.0.1 at 2026-01-19 17:13:05 -0500
Processing by HomeController#index as HTML
  Rendering layout layouts/application.html.erb
  Rendering home/index.html.erb within layouts/application
  Rendered home/index.html.erb within layouts/application (Duration: 2.3ms | Allocations: 487)
  Rendered layout layouts/application.html.erb (Duration: 15.7ms | Allocations: 3614)
Completed 500 Internal Server Error in 51ms (ActiveRecord: 0.0ms | Allocations: 7883)


  
LoadError (cannot load such file -- sassc):
  
app/views/layouts/application.html.erb:9:in '_app_views_layouts_application_html_erb__892304356_9440'
Started GET "/" for 127.0.0.1 at 2026-01-19 17:14:43 -0500
Processing by HomeController#index as HTML
  Rendering layout layouts/application.html.erb
  Rendering home/index.html.erb within layouts/application
  Rendered home/index.html.erb within layouts/application (Duration: 2.1ms | Allocations: 487)
  Rendered layout layouts/application.html.erb (Duration: 331.9ms | Allocations: 64516)
Completed 500 Internal Server Error in 365ms (ActiveRecord: 0.0ms | Allocations: 68793)


  
ActionView::Template::Error (Permission denied @ rb_file_s_rename - (C:/Users/ander/OneDrive/Documentos/HipapaAPP/HipapaAPP/tmp/cache/assets/sprockets/v4.0.0/6h/6hvrrHf70TDJBDTOf6MyrxfgHiFxy9jORp0f74ydBYQ.cache.9544.20172.860945, C:/Users/ander/OneDrive/Documentos/HipapaAPP/HipapaAPP/tmp/cache/assets/sprockets/v4.0.0/6h/6hvrrHf70TDJBDTOf6MyrxfgHiFxy9jORp0f74ydBYQ.cache)):
  
sprockets (4.2.2) lib/sprockets/path_utils.rb:362:in 'File.rename'
sprockets (4.2.2) lib/sprockets/path_utils.rb:362:in 'Sprockets::PathUtils#atomic_write'
sprockets (4.2.2) lib/sprockets/cache/file_store.rb:112:in 'Sprockets::Cache::FileStore#set'
sprockets (4.2.2) lib/sprockets/cache.rb:227:in 'Sprockets::Cache::GetWrapper#set'
sprockets (4.2.2) lib/sprockets/cache.rb:93:in 'Sprockets::Cache#fetch'
sprockets (4.2.2) lib/sprockets/base.rb:71:in 'Sprockets::Base#file_digest'
sprockets (4.2.2) lib/sprockets.rb:213:in 'block in <module:Sprockets>'
sprockets (4.2.2) lib/sprockets/dependencies.rb:68:in 'Sprockets::Dependencies#resolve_dependency'
sprockets (4.2.2) lib/sprockets/cached_environment.rb:54:in 'block in Sprockets::CachedEnvironment#resolve_dependency'
concurrent-ruby (1.3.6) lib/concurrent-ruby/concurrent/map.rb:207:in 'block in Concurrent::Map#fetch_or_store'
concurrent-ruby (1.3.6) lib/concurrent-ruby/concurrent/map.rb:187:in 'Concurrent::Map#fetch'
concurrent-ruby (1.3.6) lib/concurrent-ruby/concurrent/map.rb:206:in 'Concurrent::Map#fetch_or_store'
sprockets (4.2.2) lib/sprockets/cached_environment.rb:54:in 'Sprockets::CachedEnvironment#resolve_dependency'
sprockets (4.2.2) lib/sprockets/loader.rb:290:in 'block in Sprockets::Loader#resolve_dependencies'
sprockets (4.2.2) lib/sprockets/loader.rb:290:in 'Set#each'
sprockets (4.2.2) lib/sprockets/loader.rb:290:in 'Enumerable#map'
sprockets (4.2.2) lib/sprockets/loader.rb:290:in 'Sprockets::Loader#resolve_dependencies'
sprockets (4.2.2) lib/sprockets/loader.rb:222:in 'Sprockets::Loader#load_from_unloaded'
sprockets (4.2.2) lib/sprockets/loader.rb:59:in 'block in Sprockets::Loader#load'
sprockets (4.2.2) lib/sprockets/loader.rb:339:in 'Sprockets::Loader#fetch_asset_from_dependency_cache'
sprockets (4.2.2) lib/sprockets/loader.rb:43:in 'Sprockets::Loader#load'
sprockets (4.2.2) lib/sprockets/cached_environment.rb:44:in 'block in Sprockets::CachedEnvironment#load'
concurrent-ruby (1.3.6) lib/concurrent-ruby/concurrent/map.rb:207:in 'block in Concurrent::Map#fetch_or_store'
concurrent-ruby (1.3.6) lib/concurrent-ruby/concurrent/map.rb:187:in 'Concurrent::Map#fetch'
concurrent-ruby (1.3.6) lib/concurrent-ruby/concurrent/map.rb:206:in 'Concurrent::Map#fetch_or_store'
sprockets (4.2.2) lib/sprockets/cached_environment.rb:44:in 'Sprockets::CachedEnvironment#load'
sprockets (4.2.2) lib/sprockets/bundle.rb:27:in 'Sprockets::Bundle.call'
sprockets (4.2.2) lib/sprockets/processor_utils.rb:84:in 'Sprockets::ProcessorUtils#call_processor'
sprockets (4.2.2) lib/sprockets/processor_utils.rb:66:in 'block in Sprockets::ProcessorUtils#call_processors'
sprockets (4.2.2) lib/sprockets/processor_utils.rb:65:in 'Array#reverse_each'
sprockets (4.2.2) lib/sprockets/processor_utils.rb:65:in 'Sprockets::ProcessorUtils#call_processors'
sprockets (4.2.2) lib/sprockets/loader.rb:184:in 'Sprockets::Loader#load_from_unloaded'
sprockets (4.2.2) lib/sprockets/loader.rb:59:in 'block in Sprockets::Loader#load'
sprockets (4.2.2) lib/sprockets/loader.rb:339:in 'Sprockets::Loader#fetch_asset_from_dependency_cache'
sprockets (4.2.2) lib/sprockets/loader.rb:43:in 'Sprockets::Loader#load'
sprockets (4.2.2) lib/sprockets/cached_environment.rb:44:in 'block in Sprockets::CachedEnvironment#load'
concurrent-ruby (1.3.6) lib/concurrent-ruby/concurrent/map.rb:207:in 'block in Concurrent::Map#fetch_or_store'
concurrent-ruby (1.3.6) lib/concurrent-ruby/concurrent/map.rb:187:in 'Concurrent::Map#fetch'
concurrent-ruby (1.3.6) lib/concurrent-ruby/concurrent/map.rb:206:in 'Concurrent::Map#fetch_or_store'
sprockets (4.2.2) lib/sprockets/cached_environment.rb:44:in 'Sprockets::CachedEnvironment#load'
sprockets (4.2.2) lib/sprockets/base.rb:81:in 'Sprockets::Base#find_asset'
sprockets (4.2.2) lib/sprockets/base.rb:88:in 'Sprockets::Base#find_all_linked_assets'
sprockets (4.2.2) lib/sprockets/manifest.rb:125:in 'Enumerator#each'
sprockets (4.2.2) lib/sprockets/manifest.rb:125:in 'Enumerable#to_a'
sprockets (4.2.2) lib/sprockets/manifest.rb:125:in 'block (2 levels) in Sprockets::Manifest#find'
concurrent-ruby (1.3.6) lib/concurrent-ruby/concurrent/executor/safe_task_executor.rb:24:in 'block in Concurrent::SafeTaskExecutor#execute'
concurrent-ruby (1.3.6) lib/concurrent-ruby/concurrent/synchronization/mutex_lockable_object.rb:48:in 'block in Concurrent::Synchronization::MutexLockableObject#synchronize'
concurrent-ruby (1.3.6) lib/concurrent-ruby/concurrent/synchronization/mutex_lockable_object.rb:48:in 'Thread::Mutex#synchronize'
concurrent-ruby (1.3.6) lib/concurrent-ruby/concurrent/synchronization/mutex_lockable_object.rb:48:in 'Concurrent::Synchronization::MutexLockableObject#synchronize'
concurrent-ruby (1.3.6) lib/concurrent-ruby/concurrent/executor/safe_task_executor.rb:22:in 'Concurrent::SafeTaskExecutor#execute'
concurrent-ruby (1.3.6) lib/concurrent-ruby/concurrent/promise.rb:564:in 'block in Concurrent::Promise#realize'
concurrent-ruby (1.3.6) lib/concurrent-ruby/concurrent/executor/ruby_thread_pool_executor.rb:382:in 'Concurrent::RubyThreadPoolExecutor::Worker#run_task'
concurrent-ruby (1.3.6) lib/concurrent-ruby/concurrent/executor/ruby_thread_pool_executor.rb:372:in 'block (3 levels) in Concurrent::RubyThreadPoolExecutor::Worker#create_worker'
concurrent-ruby (1.3.6) lib/concurrent-ruby/concurrent/executor/ruby_thread_pool_executor.rb:361:in 'Kernel#loop'
concurrent-ruby (1.3.6) lib/concurrent-ruby/concurrent/executor/ruby_thread_pool_executor.rb:361:in 'block (2 levels) in Concurrent::RubyThreadPoolExecutor::Worker#create_worker'
concurrent-ruby (1.3.6) lib/concurrent-ruby/concurrent/executor/ruby_thread_pool_executor.rb:358:in 'Kernel#catch'
concurrent-ruby (1.3.6) lib/concurrent-ruby/concurrent/executor/ruby_thread_pool_executor.rb:358:in 'block in Concurrent::RubyThreadPoolExecutor::Worker#create_worker'
Started GET "/" for 127.0.0.1 at 2026-01-19 17:16:01 -0500
Processing by HomeController#index as HTML
  Rendering layout layouts/application.html.erb
  Rendering home/index.html.erb within layouts/application
  Rendered home/index.html.erb within layouts/application (Duration: 2.4ms | Allocations: 487)
  Rendered layout layouts/application.html.erb (Duration: 225.1ms | Allocations: 66252)
Completed 500 Internal Server Error in 260ms (ActiveRecord: 0.0ms | Allocations: 70529)


  
ActionView::Template::Error (Permission denied @ rb_file_s_rename - (C:/Users/ander/OneDrive/Documentos/HipapaAPP/HipapaAPP/tmp/cache/assets/sprockets/v4.0.0/i9/i94yDq3xpqjP8vgB7VdO3GK3Weubqd9cm0lQT5yzYX0.cache.9552.9272.775786, C:/Users/ander/OneDrive/Documentos/HipapaAPP/HipapaAPP/tmp/cache/assets/sprockets/v4.0.0/i9/i94yDq3xpqjP8vgB7VdO3GK3Weubqd9cm0lQT5yzYX0.cache)):
  
sprockets (4.2.2) lib/sprockets/path_utils.rb:362:in 'File.rename'
sprockets (4.2.2) lib/sprockets/path_utils.rb:362:in 'Sprockets::PathUtils#atomic_write'
sprockets (4.2.2) lib/sprockets/cache/file_store.rb:112:in 'Sprockets::Cache::FileStore#set'
sprockets (4.2.2) lib/sprockets/cache.rb:227:in 'Sprockets::Cache::GetWrapper#set'
sprockets (4.2.2) lib/sprockets/cache.rb:143:in 'Sprockets::Cache#set'
sprockets (4.2.2) lib/sprockets/loader.rb:343:in 'Sprockets::Loader#fetch_asset_from_dependency_cache'
sprockets (4.2.2) lib/sprockets/loader.rb:43:in 'Sprockets::Loader#load'
sprockets (4.2.2) lib/sprockets/cached_environment.rb:44:in 'block in Sprockets::CachedEnvironment#load'
concurrent-ruby (1.3.6) lib/concurrent-ruby/concurrent/map.rb:207:in 'block in Concurrent::Map#fetch_or_store'
concurrent-ruby (1.3.6) lib/concurrent-ruby/concurrent/map.rb:187:in 'Concurrent::Map#fetch'
concurrent-ruby (1.3.6) lib/concurrent-ruby/concurrent/map.rb:206:in 'Concurrent::Map#fetch_or_store'
sprockets (4.2.2) lib/sprockets/cached_environment.rb:44:in 'Sprockets::CachedEnvironment#load'
sprockets (4.2.2) lib/sprockets/bundle.rb:27:in 'Sprockets::Bundle.call'
sprockets (4.2.2) lib/sprockets/processor_utils.rb:84:in 'Sprockets::ProcessorUtils#call_processor'
sprockets (4.2.2) lib/sprockets/processor_utils.rb:66:in 'block in Sprockets::ProcessorUtils#call_processors'
sprockets (4.2.2) lib/sprockets/processor_utils.rb:65:in 'Array#reverse_each'
sprockets (4.2.2) lib/sprockets/processor_utils.rb:65:in 'Sprockets::ProcessorUtils#call_processors'
sprockets (4.2.2) lib/sprockets/loader.rb:184:in 'Sprockets::Loader#load_from_unloaded'
sprockets (4.2.2) lib/sprockets/loader.rb:59:in 'block in Sprockets::Loader#load'
sprockets (4.2.2) lib/sprockets/loader.rb:339:in 'Sprockets::Loader#fetch_asset_from_dependency_cache'
sprockets (4.2.2) lib/sprockets/loader.rb:43:in 'Sprockets::Loader#load'
sprockets (4.2.2) lib/sprockets/cached_environment.rb:44:in 'block in Sprockets::CachedEnvironment#load'
concurrent-ruby (1.3.6) lib/concurrent-ruby/concurrent/map.rb:207:in 'block in Concurrent::Map#fetch_or_store'
concurrent-ruby (1.3.6) lib/concurrent-ruby/concurrent/map.rb:187:in 'Concurrent::Map#fetch'
concurrent-ruby (1.3.6) lib/concurrent-ruby/concurrent/map.rb:206:in 'Concurrent::Map#fetch_or_store'
sprockets (4.2.2) lib/sprockets/cached_environment.rb:44:in 'Sprockets::CachedEnvironment#load'
sprockets (4.2.2) lib/sprockets/bundle.rb:32:in 'block in Sprockets::Bundle.call'
sprockets (4.2.2) lib/sprockets/bundle.rb:31:in 'Set#each'
sprockets (4.2.2) lib/sprockets/bundle.rb:31:in 'Sprockets::Bundle.call'
sprockets (4.2.2) lib/sprockets/processor_utils.rb:84:in 'Sprockets::ProcessorUtils#call_processor'
sprockets (4.2.2) lib/sprockets/processor_utils.rb:66:in 'block in Sprockets::ProcessorUtils#call_processors'
sprockets (4.2.2) lib/sprockets/processor_utils.rb:65:in 'Array#reverse_each'
sprockets (4.2.2) lib/sprockets/processor_utils.rb:65:in 'Sprockets::ProcessorUtils#call_processors'
sprockets (4.2.2) lib/sprockets/loader.rb:184:in 'Sprockets::Loader#load_from_unloaded'
sprockets (4.2.2) lib/sprockets/loader.rb:59:in 'block in Sprockets::Loader#load'
sprockets (4.2.2) lib/sprockets/loader.rb:339:in 'Sprockets::Loader#fetch_asset_from_dependency_cache'
sprockets (4.2.2) lib/sprockets/loader.rb:43:in 'Sprockets::Loader#load'
sprockets (4.2.2) lib/sprockets/cached_environment.rb:44:in 'block in Sprockets::CachedEnvironment#load'
concurrent-ruby (1.3.6) lib/concurrent-ruby/concurrent/map.rb:207:in 'block in Concurrent::Map#fetch_or_store'
concurrent-ruby (1.3.6) lib/concurrent-ruby/concurrent/map.rb:187:in 'Concurrent::Map#fetch'
concurrent-ruby (1.3.6) lib/concurrent-ruby/concurrent/map.rb:206:in 'Concurrent::Map#fetch_or_store'
sprockets (4.2.2) lib/sprockets/cached_environment.rb:44:in 'Sprockets::CachedEnvironment#load'
sprockets (4.2.2) lib/sprockets/base.rb:81:in 'Sprockets::Base#find_asset'
sprockets (4.2.2) lib/sprockets/base.rb:88:in 'Sprockets::Base#find_all_linked_assets'
sprockets (4.2.2) lib/sprockets/manifest.rb:125:in 'Enumerator#each'
sprockets (4.2.2) lib/sprockets/manifest.rb:125:in 'Enumerable#to_a'
sprockets (4.2.2) lib/sprockets/manifest.rb:125:in 'block (2 levels) in Sprockets::Manifest#find'
concurrent-ruby (1.3.6) lib/concurrent-ruby/concurrent/executor/safe_task_executor.rb:24:in 'block in Concurrent::SafeTaskExecutor#execute'
concurrent-ruby (1.3.6) lib/concurrent-ruby/concurrent/synchronization/mutex_lockable_object.rb:48:in 'block in Concurrent::Synchronization::MutexLockableObject#synchronize'
concurrent-ruby (1.3.6) lib/concurrent-ruby/concurrent/synchronization/mutex_lockable_object.rb:48:in 'Thread::Mutex#synchronize'
concurrent-ruby (1.3.6) lib/concurrent-ruby/concurrent/synchronization/mutex_lockable_object.rb:48:in 'Concurrent::Synchronization::MutexLockableObject#synchronize'
concurrent-ruby (1.3.6) lib/concurrent-ruby/concurrent/executor/safe_task_executor.rb:22:in 'Concurrent::SafeTaskExecutor#execute'
concurrent-ruby (1.3.6) lib/concurrent-ruby/concurrent/promise.rb:564:in 'block in Concurrent::Promise#realize'
concurrent-ruby (1.3.6) lib/concurrent-ruby/concurrent/executor/ruby_thread_pool_executor.rb:382:in 'Concurrent::RubyThreadPoolExecutor::Worker#run_task'
concurrent-ruby (1.3.6) lib/concurrent-ruby/concurrent/executor/ruby_thread_pool_executor.rb:372:in 'block (3 levels) in Concurrent::RubyThreadPoolExecutor::Worker#create_worker'
concurrent-ruby (1.3.6) lib/concurrent-ruby/concurrent/executor/ruby_thread_pool_executor.rb:361:in 'Kernel#loop'
concurrent-ruby (1.3.6) lib/concurrent-ruby/concurrent/executor/ruby_thread_pool_executor.rb:361:in 'block (2 levels) in Concurrent::RubyThreadPoolExecutor::Worker#create_worker'
concurrent-ruby (1.3.6) lib/concurrent-ruby/concurrent/executor/ruby_thread_pool_executor.rb:358:in 'Kernel#catch'
concurrent-ruby (1.3.6) lib/concurrent-ruby/concurrent/executor/ruby_thread_pool_executor.rb:358:in 'block in Concurrent::RubyThreadPoolExecutor::Worker#create_worker'
Started GET "/" for 127.0.0.1 at 2026-01-19 17:16:16 -0500
Processing by HomeController#index as HTML
  Rendering layout layouts/application.html.erb
  Rendering home/index.html.erb within layouts/application
  Rendered home/index.html.erb within layouts/application (Duration: 2.1ms | Allocations: 487)
  Rendered layout layouts/application.html.erb (Duration: 179.0ms | Allocations: 35309)
Completed 200 OK in 213ms (Views: 188.9ms | ActiveRecord: 0.0ms | Allocations: 39636)


Started GET "/" for 127.0.0.1 at 2026-01-19 18:05:38 -0500
Processing by HomeController#index as HTML
  Rendering layout layouts/application.html.erb
  Rendering home/index.html.erb within layouts/application
  Rendered home/index.html.erb within layouts/application (Duration: 146.0ms | Allocations: 26550)
  Rendered layout layouts/application.html.erb (Duration: 161.5ms | Allocations: 29643)
Completed 200 OK in 172ms (Views: 167.8ms | ActiveRecord: 0.0ms | Allocations: 30426)


Started GET "/" for 127.0.0.1 at 2026-01-20 00:18:59 -0500
Processing by HomeController#index as HTML
  Rendering layout layouts/application.html.erb
  Rendering home/index.html.erb within layouts/application
  Rendered home/index.html.erb within layouts/application (Duration: 3.9ms | Allocations: 3368)
  Rendered layout layouts/application.html.erb (Duration: 9.4ms | Allocations: 4732)
Completed 200 OK in 14ms (Views: 10.2ms | ActiveRecord: 0.0ms | Allocations: 4999)


Started GET "/" for 127.0.0.1 at 2026-01-20 00:20:06 -0500
Processing by HomeController#index as HTML
  Rendering layout layouts/application.html.erb
  Rendering home/index.html.erb within layouts/application
  Rendered home/index.html.erb within layouts/application (Duration: 11.5ms | Allocations: 5038)
  Rendered layout layouts/application.html.erb (Duration: 235.1ms | Allocations: 42133)
Completed 200 OK in 276ms (Views: 246.2ms | ActiveRecord: 0.0ms | Allocations: 46474)


  [1m[35m (8.4ms)[0m  [1m[35mCREATE TABLE "schema_migrations" ("version" varchar NOT NULL PRIMARY KEY)[0m
  [1m[35m (3.3ms)[0m  [1m[35mCREATE TABLE "ar_internal_metadata" ("key" varchar NOT NULL PRIMARY KEY, "value" varchar, "created_at" datetime(6) NOT NULL, "updated_at" datetime(6) NOT NULL)[0m
  [1m[36mActiveRecord::SchemaMigration Pluck (0.1ms)[0m  [1m[34mSELECT "schema_migrations"."version" FROM "schema_migrations" ORDER BY "schema_migrations"."version" ASC[0m
Migrating to CreateOrders (20250119000001)
  [1m[36mTRANSACTION (0.0ms)[0m  [1m[36mbegin transaction[0m
  [1m[35m (0.7ms)[0m  [1m[35mCREATE TABLE "orders" ("id" integer PRIMARY KEY AUTOINCREMENT NOT NULL, "cliente" varchar, "mesero" varchar, "comentario" text, "created_at" datetime(6) NOT NULL, "updated_at" datetime(6) NOT NULL)[0m
  [1m[36mActiveRecord::SchemaMigration Create (0.1ms)[0m  [1m[32mINSERT INTO "schema_migrations" ("version") VALUES (?)[0m  [["version", "20250119000001"]]
  [1m[36mTRANSACTION (2.8ms)[0m  [1m[36mcommit transaction[0m
  [1m[36mActiveRecord::InternalMetadata Load (0.1ms)[0m  [1m[34mSELECT "ar_internal_metadata".* FROM "ar_internal_metadata" WHERE "ar_internal_metadata"."key" = ? LIMIT ?[0m  [["key", "environment"], ["LIMIT", 1]]
  [1m[36mTRANSACTION (0.0ms)[0m  [1m[36mbegin transaction[0m
  [1m[36mActiveRecord::InternalMetadata Create (0.6ms)[0m  [1m[32mINSERT INTO "ar_internal_metadata" ("key", "value", "created_at", "updated_at") VALUES (?, ?, ?, ?)[0m  [["key", "environment"], ["value", "development"], ["created_at", "2026-01-20 05:27:45.259805"], ["updated_at", "2026-01-20 05:27:45.259805"]]
  [1m[36mTRANSACTION (2.0ms)[0m  [1m[36mcommit transaction[0m
  [1m[36mActiveRecord::SchemaMigration Pluck (0.1ms)[0m  [1m[34mSELECT "schema_migrations"."version" FROM "schema_migrations" ORDER BY "schema_migrations"."version" ASC[0m
  [1m[36mActiveRecord::SchemaMigration Pluck (0.1ms)[0m  [1m[34mSELECT "schema_migrations"."version" FROM "schema_migrations" ORDER BY "schema_migrations"."version" ASC[0m
Started GET "/" for 127.0.0.1 at 2026-01-20 00:37:04 -0500
  [1m[36mActiveRecord::SchemaMigration Pluck (0.1ms)[0m  [1m[34mSELECT "schema_migrations"."version" FROM "schema_migrations" ORDER BY "schema_migrations"."version" ASC[0m
Processing by HomeController#index as HTML
  Rendering layout layouts/application.html.erb
  Rendering home/index.html.erb within layouts/application
  Rendered home/index.html.erb within layouts/application (Duration: 10.7ms | Allocations: 5326)
  Rendered layout layouts/application.html.erb (Duration: 103.0ms | Allocations: 37781)
Completed 200 OK in 139ms (Views: 112.7ms | ActiveRecord: 0.0ms | Allocations: 42120)


Started POST "/orders" for 127.0.0.1 at 2026-01-20 00:37:07 -0500
Processing by OrdersController#create as HTML
  Parameters: {"authenticity_token" => "[FILTERED]", "cliente" => "Prueba", "mesero" => "mesero2", "comentario" => "asda", "commit" => "Crear"}
Params recibidos: #<ActionController::Parameters {"authenticity_token" => "wueSDo9ti8jpxtFZntvvN1iBH9iLzsFhv3Q2cVB77Pe4QHDGBeKyTYZHqna2v0mUJMbtO-sP3FonOWq0xfyysQ", "cliente" => "Prueba", "mesero" => "mesero2", "comentario" => "asda", "commit" => "Crear", "controller" => "orders", "action" => "create"} permitted: false>
[31mUnpermitted parameters: :authenticity_token, :commit. Context: { controller: OrdersController, action: create, request: #<ActionDispatch::Request:0x0000026353a76418>, params: {"authenticity_token" => "[FILTERED]", "cliente" => "Prueba", "mesero" => "mesero2", "comentario" => "asda", "commit" => "Crear", "controller" => "orders", "action" => "create"} }[0m
Order creado: #<Order id: nil, cliente: "Prueba", mesero: "mesero2", comentario: "asda", created_at: nil, updated_at: nil>
  [1m[36mTRANSACTION (0.0ms)[0m  [1m[36mbegin transaction[0m
  ↳ app/controllers/orders_controller.rb:7:in 'OrdersController#create'
  [1m[36mOrder Create (0.9ms)[0m  [1m[32mINSERT INTO "orders" ("cliente", "mesero", "comentario", "created_at", "updated_at") VALUES (?, ?, ?, ?, ?)[0m  [["cliente", "Prueba"], ["mesero", "mesero2"], ["comentario", "asda"], ["created_at", "2026-01-20 05:37:07.781038"], ["updated_at", "2026-01-20 05:37:07.781038"]]
  ↳ app/controllers/orders_controller.rb:7:in 'OrdersController#create'
  [1m[36mTRANSACTION (2.8ms)[0m  [1m[36mcommit transaction[0m
  ↳ app/controllers/orders_controller.rb:7:in 'OrdersController#create'
Order guardado exitosamente
Redirected to http://127.0.0.1:3000/
Completed 302 Found in 25ms (ActiveRecord: 4.4ms | Allocations: 8811)


Started GET "/" for 127.0.0.1 at 2026-01-20 00:37:07 -0500
Processing by HomeController#index as HTML
  Rendering layout layouts/application.html.erb
  Rendering home/index.html.erb within layouts/application
  Rendered home/index.html.erb within layouts/application (Duration: 1.3ms | Allocations: 3463)
  Rendered layout layouts/application.html.erb (Duration: 4.3ms | Allocations: 4806)
Completed 200 OK in 8ms (Views: 4.8ms | ActiveRecord: 0.0ms | Allocations: 5072)


Started GET "/" for 127.0.0.1 at 2026-01-20 00:38:45 -0500
Processing by HomeController#index as HTML
  Rendering layout layouts/application.html.erb
  Rendering home/index.html.erb within layouts/application
  [1m[36mOrder Load (0.1ms)[0m  [1m[34mSELECT "orders".* FROM "orders"[0m
  ↳ app/views/home/index.html.erb:29:in '_app_views_home_index_html_erb__513712370_12752'
  Rendered home/index.html.erb within layouts/application (Duration: 8.5ms | Allocations: 4484)
  Rendered layout layouts/application.html.erb (Duration: 8.7ms | Allocations: 4563)
Completed 500 Internal Server Error in 22ms (ActiveRecord: 0.9ms | Allocations: 6067)


  
ActionView::Template::Error (undefined method 'status' for an instance of Order):
    31:                 <tr>
    32:                   <td><%= order.id %></td>
    33:                   <td><%= order.created_at.strftime("%d/%m/%Y %H:%M:%S") %></td>
    34:                   <td><%= order.status %></td>
    35:                   <td><%= order.client %></td>
    36:                   <td><%= order.total %></td>
    37:                 </tr>
  
app/views/home/index.html.erb:34:in 'block in _app_views_home_index_html_erb__513712370_12752'
app/views/home/index.html.erb:30:in '_app_views_home_index_html_erb__513712370_12752'
Started GET "/" for 127.0.0.1 at 2026-01-20 00:38:53 -0500
Processing by HomeController#index as HTML
  Rendering layout layouts/application.html.erb
  Rendering home/index.html.erb within layouts/application
  [1m[36mOrder Load (0.1ms)[0m  [1m[34mSELECT "orders".* FROM "orders"[0m
  ↳ app/views/home/index.html.erb:29:in '_app_views_home_index_html_erb__513712370_12936'
  Rendered home/index.html.erb within layouts/application (Duration: 2.2ms | Allocations: 2443)
  Rendered layout layouts/application.html.erb (Duration: 2.4ms | Allocations: 2522)
Completed 500 Internal Server Error in 12ms (ActiveRecord: 0.1ms | Allocations: 3296)


  
ActionView::Template::Error (undefined method 'client' for an instance of Order):
    32:                   <td><%= order.id %></td>
    33:                   <td><%= order.created_at.strftime("%d/%m/%Y %H:%M:%S") %></td>
    34:                   <td><%= "En curso" %></td>
    35:                   <td><%= order.client %></td>
    36:                   <td><%= order.total %></td>
    37:                 </tr>
    38:               <% end %>
  
app/views/home/index.html.erb:35:in 'block in _app_views_home_index_html_erb__513712370_12936'
app/views/home/index.html.erb:30:in '_app_views_home_index_html_erb__513712370_12936'
Started GET "/" for 127.0.0.1 at 2026-01-20 00:39:01 -0500
Processing by HomeController#index as HTML
  Rendering layout layouts/application.html.erb
  Rendering home/index.html.erb within layouts/application
  [1m[36mOrder Load (0.1ms)[0m  [1m[34mSELECT "orders".* FROM "orders"[0m
  ↳ app/views/home/index.html.erb:29:in '_app_views_home_index_html_erb__513712370_13088'
  Rendered home/index.html.erb within layouts/application (Duration: 3.0ms | Allocations: 4813)
  Rendered layout layouts/application.html.erb (Duration: 26.3ms | Allocations: 20673)
Completed 200 OK in 36ms (Views: 31.6ms | ActiveRecord: 0.1ms | Allocations: 21470)


  [1m[36mActiveRecord::SchemaMigration Pluck (0.1ms)[0m  [1m[34mSELECT "schema_migrations"."version" FROM "schema_migrations" ORDER BY "schema_migrations"."version" ASC[0m
Migrating to AddStatusToOrders (20250119000002)
  [1m[36mTRANSACTION (0.0ms)[0m  [1m[36mbegin transaction[0m
  [1m[35m (1.2ms)[0m  [1m[35mALTER TABLE "orders" ADD "status" bit DEFAULT 0 NOT NULL[0m
  [1m[36mActiveRecord::SchemaMigration Create (0.1ms)[0m  [1m[32mINSERT INTO "schema_migrations" ("version") VALUES (?)[0m  [["version", "20250119000002"]]
  [1m[36mTRANSACTION (2.0ms)[0m  [1m[36mcommit transaction[0m
  [1m[36mActiveRecord::InternalMetadata Load (0.1ms)[0m  [1m[34mSELECT "ar_internal_metadata".* FROM "ar_internal_metadata" WHERE "ar_internal_metadata"."key" = ? LIMIT ?[0m  [["key", "environment"], ["LIMIT", 1]]
  [1m[36mActiveRecord::SchemaMigration Pluck (0.1ms)[0m  [1m[34mSELECT "schema_migrations"."version" FROM "schema_migrations" ORDER BY "schema_migrations"."version" ASC[0m
Started GET "/" for 127.0.0.1 at 2026-01-20 00:42:18 -0500
  [1m[36mActiveRecord::SchemaMigration Pluck (0.1ms)[0m  [1m[34mSELECT "schema_migrations"."version" FROM "schema_migrations" ORDER BY "schema_migrations"."version" ASC[0m
Processing by HomeController#index as HTML
Completed 500 Internal Server Error in 17ms (ActiveRecord: 0.0ms | Allocations: 2498)


  
NoMethodError (undefined method 'attr_accessible' for class Order):
  
app/models/order.rb:2:in '<class:Order>'
app/models/order.rb:1:in '<main>'
app/controllers/home_controller.rb:3:in 'HomeController#index'
Started GET "/" for 127.0.0.1 at 2026-01-20 00:43:11 -0500
Processing by HomeController#index as HTML
  Rendering layout layouts/application.html.erb
  Rendering home/index.html.erb within layouts/application
  [1m[36mOrder Load (0.1ms)[0m  [1m[34mSELECT "orders".* FROM "orders"[0m
  ↳ app/views/home/index.html.erb:29:in '_app_views_home_index_html_erb___637174408_12664'
  Rendered home/index.html.erb within layouts/application (Duration: 27.6ms | Allocations: 10329)
  Rendered layout layouts/application.html.erb (Duration: 88.5ms | Allocations: 42840)
Completed 200 OK in 104ms (Views: 93.2ms | ActiveRecord: 0.9ms | Allocations: 44566)


Started POST "/orders" for 127.0.0.1 at 2026-01-20 00:43:18 -0500
Processing by OrdersController#create as HTML
  Parameters: {"authenticity_token" => "[FILTERED]", "cliente" => "Prueba2", "mesero" => "mesero2", "comentario" => "asd", "commit" => "Crear"}
Params recibidos: #<ActionController::Parameters {"authenticity_token" => "v2AAxn_fpuLTOEQLdH2x5qBS0WzHNqn51QDZnLhdzuXFx-IO9VCfZ7y5PyRcGRdF3BUjj6f3tMJNTYVZLdqQow", "cliente" => "Prueba2", "mesero" => "mesero2", "comentario" => "asd", "commit" => "Crear", "controller" => "orders", "action" => "create"} permitted: false>
[31mUnpermitted parameters: :authenticity_token, :commit. Context: { controller: OrdersController, action: create, request: #<ActionDispatch::Request:0x000001de6f5d56e8>, params: {"authenticity_token" => "[FILTERED]", "cliente" => "Prueba2", "mesero" => "mesero2", "comentario" => "asd", "commit" => "Crear", "controller" => "orders", "action" => "create"} }[0m
Order creado: #<Order id: nil, cliente: "Prueba2", mesero: "mesero2", comentario: "asd", created_at: nil, updated_at: nil, status: "0">
  [1m[36mTRANSACTION (0.0ms)[0m  [1m[36mbegin transaction[0m
  ↳ app/controllers/orders_controller.rb:7:in 'OrdersController#create'
  [1m[36mOrder Create (0.6ms)[0m  [1m[32mINSERT INTO "orders" ("cliente", "mesero", "comentario", "created_at", "updated_at", "status") VALUES (?, ?, ?, ?, ?, ?)[0m  [["cliente", "Prueba2"], ["mesero", "mesero2"], ["comentario", "asd"], ["created_at", "2026-01-20 05:43:18.253838"], ["updated_at", "2026-01-20 05:43:18.253838"], ["status", "0"]]
  ↳ app/controllers/orders_controller.rb:7:in 'OrdersController#create'
  [1m[36mTRANSACTION (3.9ms)[0m  [1m[36mcommit transaction[0m
  ↳ app/controllers/orders_controller.rb:7:in 'OrdersController#create'
Order guardado exitosamente
Redirected to http://127.0.0.1:3000/
Completed 302 Found in 11ms (ActiveRecord: 4.5ms | Allocations: 4472)


Started GET "/" for 127.0.0.1 at 2026-01-20 00:43:18 -0500
Processing by HomeController#index as HTML
  Rendering layout layouts/application.html.erb
  Rendering home/index.html.erb within layouts/application
  [1m[36mOrder Load (0.2ms)[0m  [1m[34mSELECT "orders".* FROM "orders"[0m
  ↳ app/views/home/index.html.erb:29:in '_app_views_home_index_html_erb___637174408_12664'
  Rendered home/index.html.erb within layouts/application (Duration: 2.9ms | Allocations: 4277)
  Rendered layout layouts/application.html.erb (Duration: 6.3ms | Allocations: 5619)
Completed 200 OK in 10ms (Views: 6.6ms | ActiveRecord: 0.2ms | Allocations: 5890)


Started GET "/" for 127.0.0.1 at 2026-01-20 00:43:33 -0500
Processing by HomeController#index as HTML
  Rendering layout layouts/application.html.erb
  Rendering home/index.html.erb within layouts/application
  [1m[36mOrder Load (0.1ms)[0m  [1m[34mSELECT "orders".* FROM "orders"[0m
  ↳ app/views/home/index.html.erb:29:in '_app_views_home_index_html_erb___637174408_13056'
  Rendered home/index.html.erb within layouts/application (Duration: 2.9ms | Allocations: 4865)
  Rendered layout layouts/application.html.erb (Duration: 6.9ms | Allocations: 6488)
Completed 200 OK in 16ms (Views: 12.0ms | ActiveRecord: 0.1ms | Allocations: 7283)


Started GET "/" for 127.0.0.1 at 2026-01-20 00:43:46 -0500
Processing by HomeController#index as HTML
  Rendering layout layouts/application.html.erb
  Rendering home/index.html.erb within layouts/application
  [1m[36mOrder Load (0.1ms)[0m  [1m[34mSELECT "orders".* FROM "orders"[0m
  ↳ app/views/home/index.html.erb:29:in '_app_views_home_index_html_erb___637174408_13128'
  Rendered home/index.html.erb within layouts/application (Duration: 3.1ms | Allocations: 4849)
  Rendered layout layouts/application.html.erb (Duration: 6.5ms | Allocations: 6471)
Completed 200 OK in 16ms (Views: 11.6ms | ActiveRecord: 0.1ms | Allocations: 7257)


Started GET "/" for 127.0.0.1 at 2026-01-20 00:43:51 -0500
Processing by HomeController#index as HTML
  Rendering layout layouts/application.html.erb
  Rendering home/index.html.erb within layouts/application
  [1m[36mOrder Load (0.1ms)[0m  [1m[34mSELECT "orders".* FROM "orders"[0m
  ↳ app/views/home/index.html.erb:29:in '_app_views_home_index_html_erb___637174408_13200'
  Rendered home/index.html.erb within layouts/application (Duration: 3.2ms | Allocations: 4856)
  Rendered layout layouts/application.html.erb (Duration: 7.1ms | Allocations: 6479)
Completed 200 OK in 17ms (Views: 12.3ms | ActiveRecord: 0.1ms | Allocations: 7271)


Started GET "/" for 127.0.0.1 at 2026-01-20 00:43:58 -0500
Processing by HomeController#index as HTML
  Rendering layout layouts/application.html.erb
  Rendering home/index.html.erb within layouts/application
  [1m[36mOrder Load (0.1ms)[0m  [1m[34mSELECT "orders".* FROM "orders"[0m
  ↳ app/views/home/index.html.erb:29:in '_app_views_home_index_html_erb___637174408_13280'
  Rendered home/index.html.erb within layouts/application (Duration: 3.2ms | Allocations: 4850)
  Rendered layout layouts/application.html.erb (Duration: 7.0ms | Allocations: 6472)
Completed 200 OK in 16ms (Views: 12.1ms | ActiveRecord: 0.1ms | Allocations: 7258)


Started GET "/" for 127.0.0.1 at 2026-01-20 00:45:21 -0500
Processing by HomeController#index as HTML
  Rendering layout layouts/application.html.erb
  Rendering home/index.html.erb within layouts/application
  [1m[36mOrder Load (0.1ms)[0m  [1m[34mSELECT "orders".* FROM "orders"[0m
  ↳ app/views/home/index.html.erb:29:in '_app_views_home_index_html_erb___637174408_13352'
  Rendered home/index.html.erb within layouts/application (Duration: 3.8ms | Allocations: 4889)
  Rendered layout layouts/application.html.erb (Duration: 8.1ms | Allocations: 6520)
Completed 200 OK in 18ms (Views: 13.4ms | ActiveRecord: 0.1ms | Allocations: 7310)


Started GET "/" for 127.0.0.1 at 2026-01-20 00:45:34 -0500
Processing by HomeController#index as HTML
  Rendering layout layouts/application.html.erb
  Rendering home/index.html.erb within layouts/application
  [1m[36mOrder Load (0.1ms)[0m  [1m[34mSELECT "orders".* FROM "orders"[0m
  ↳ app/views/home/index.html.erb:29:in '_app_views_home_index_html_erb___637174408_13432'
  Rendered home/index.html.erb within layouts/application (Duration: 3.5ms | Allocations: 4886)
  Rendered layout layouts/application.html.erb (Duration: 7.4ms | Allocations: 6508)
Completed 200 OK in 17ms (Views: 12.6ms | ActiveRecord: 0.1ms | Allocations: 7294)


Started GET "/" for 127.0.0.1 at 2026-01-20 00:45:46 -0500
Processing by HomeController#index as HTML
  Rendering layout layouts/application.html.erb
  Rendering home/index.html.erb within layouts/application
  [1m[36mOrder Load (0.1ms)[0m  [1m[34mSELECT "orders".* FROM "orders"[0m
  ↳ app/views/home/index.html.erb:29:in '_app_views_home_index_html_erb___637174408_13504'
  Rendered home/index.html.erb within layouts/application (Duration: 3.4ms | Allocations: 4884)
  Rendered layout layouts/application.html.erb (Duration: 6.8ms | Allocations: 6506)
Completed 200 OK in 16ms (Views: 11.9ms | ActiveRecord: 0.1ms | Allocations: 7292)


Started GET "/" for 127.0.0.1 at 2026-01-20 00:45:52 -0500
Processing by HomeController#index as HTML
  Rendering layout layouts/application.html.erb
  Rendering home/index.html.erb within layouts/application
  [1m[36mOrder Load (0.1ms)[0m  [1m[34mSELECT "orders".* FROM "orders"[0m
  ↳ app/views/home/index.html.erb:29:in '_app_views_home_index_html_erb___637174408_13576'
  Rendered home/index.html.erb within layouts/application (Duration: 2.8ms | Allocations: 4891)
  Rendered layout layouts/application.html.erb (Duration: 6.2ms | Allocations: 6513)
Completed 200 OK in 15ms (Views: 11.3ms | ActiveRecord: 0.1ms | Allocations: 7299)


Started GET "/" for 127.0.0.1 at 2026-01-20 00:46:02 -0500
Processing by HomeController#index as HTML
  Rendering layout layouts/application.html.erb
  Rendering home/index.html.erb within layouts/application
  [1m[36mOrder Load (0.1ms)[0m  [1m[34mSELECT "orders".* FROM "orders"[0m
  ↳ app/views/home/index.html.erb:29:in '_app_views_home_index_html_erb___637174408_13648'
  Rendered home/index.html.erb within layouts/application (Duration: 3.2ms | Allocations: 4888)
  Rendered layout layouts/application.html.erb (Duration: 7.1ms | Allocations: 6510)
Completed 200 OK in 17ms (Views: 12.4ms | ActiveRecord: 0.1ms | Allocations: 7296)


Started GET "/" for 127.0.0.1 at 2026-01-20 01:02:42 -0500
Processing by HomeController#index as HTML
  Rendering layout layouts/application.html.erb
  Rendering home/index.html.erb within layouts/application
  [1m[36mOrder Load (0.1ms)[0m  [1m[34mSELECT "orders".* FROM "orders"[0m
  ↳ app/views/home/index.html.erb:29:in '_app_views_home_index_html_erb___637174408_16632'
  Rendered home/index.html.erb within layouts/application (Duration: 6.3ms | Allocations: 6481)
  Rendered layout layouts/application.html.erb (Duration: 34.2ms | Allocations: 22333)
Completed 200 OK in 48ms (Views: 40.0ms | ActiveRecord: 0.4ms | Allocations: 23843)


Started POST "/orders" for 127.0.0.1 at 2026-01-20 01:02:47 -0500
Processing by OrdersController#create as HTML
  Parameters: {"authenticity_token" => "[FILTERED]", "cliente" => "Prueba3", "mesero" => "mesero3", "comentario" => "asd", "commit" => "Crear"}
Params recibidos: #<ActionController::Parameters {"authenticity_token" => "5dKTl348FMxxaQS_M_EWlw4uhCWEAUs7xXF-6EvpDN-fdXFf9LMtSR7of5AblbA0cml2xuTAVgBdPCIt3m5SmQ", "cliente" => "Prueba3", "mesero" => "mesero3", "comentario" => "asd", "commit" => "Crear", "controller" => "orders", "action" => "create"} permitted: false>
[31mUnpermitted parameters: :authenticity_token, :commit. Context: { controller: OrdersController, action: create, request: #<ActionDispatch::Request:0x000001de7233ea80>, params: {"authenticity_token" => "[FILTERED]", "cliente" => "Prueba3", "mesero" => "mesero3", "comentario" => "asd", "commit" => "Crear", "controller" => "orders", "action" => "create"} }[0m
Order creado: #<Order id: nil, cliente: "Prueba3", mesero: "mesero3", comentario: "asd", created_at: nil, updated_at: nil, status: "0">
  [1m[36mTRANSACTION (0.0ms)[0m  [1m[36mbegin transaction[0m
  ↳ app/controllers/orders_controller.rb:7:in 'OrdersController#create'
  [1m[36mOrder Create (0.6ms)[0m  [1m[32mINSERT INTO "orders" ("cliente", "mesero", "comentario", "created_at", "updated_at", "status") VALUES (?, ?, ?, ?, ?, ?)[0m  [["cliente", "Prueba3"], ["mesero", "mesero3"], ["comentario", "asd"], ["created_at", "2026-01-20 06:02:47.420782"], ["updated_at", "2026-01-20 06:02:47.420782"], ["status", "0"]]
  ↳ app/controllers/orders_controller.rb:7:in 'OrdersController#create'
  [1m[36mTRANSACTION (3.5ms)[0m  [1m[36mcommit transaction[0m
  ↳ app/controllers/orders_controller.rb:7:in 'OrdersController#create'
Order guardado exitosamente
Redirected to http://127.0.0.1:3000/?order_id=3
Completed 302 Found in 11ms (ActiveRecord: 4.1ms | Allocations: 2907)


Started GET "/?order_id=3" for 127.0.0.1 at 2026-01-20 01:02:47 -0500
Processing by HomeController#index as HTML
  Parameters: {"order_id" => "3"}
  [1m[36mOrder Load (0.2ms)[0m  [1m[34mSELECT "orders".* FROM "orders" WHERE "orders"."id" = ? LIMIT ?[0m  [["id", 3], ["LIMIT", 1]]
  ↳ app/controllers/home_controller.rb:5:in 'HomeController#index'
  Rendering layout layouts/application.html.erb
  Rendering home/index.html.erb within layouts/application
  [1m[36mOrder Load (0.1ms)[0m  [1m[34mSELECT "orders".* FROM "orders"[0m
  ↳ app/views/home/index.html.erb:29:in '_app_views_home_index_html_erb___637174408_16632'
  Rendered home/index.html.erb within layouts/application (Duration: 0.9ms | Allocations: 912)
  Rendered layout layouts/application.html.erb (Duration: 4.3ms | Allocations: 2371)
Completed 200 OK in 11ms (Views: 4.6ms | ActiveRecord: 0.3ms | Allocations: 4972)


